p/156322965729792.png 1 0 0 262 174
p/156943097515982.png 1 0 0 262 176
p/84293916854.png 1 0 0 263 174
p/10447286422276.png 1 0 0 261 171
p/20636136139980.png 1 0 0 259 171
p/227752352331047.png 1 0 0 264 173
p/2336954110574.png 1 0 0 263 174
p/122241312326481.png 1 0 0 262 176
p/11277604130617.png 1 0 0 264 173
p/3130928724714.jpg 1 0 0 694 510
p/21269159857734.jpg 1 0 0 742 422
p/23376538223104.jpg 1 0 0 514 341
p/1745274085356.jpg 1 0 0 863 492
p/231572704417075.jpg 1 0 0 1000 563
p/1307210389574.png 1 0 0 1280 708
p/103061619510036.jpg 1 0 0 759 422
p/2280415211594.jpg 1 0 0 1843 1382
p/299525732337.jpg 1 0 0 1000 667
p/8915587923731.jpg 1 0 0 4928 3280
p/23786188910455.jpg 1 0 0 976 549
p/1327764882867.jpg 1 0 0 800 450
p/30259663212731.jpg 1 0 0 1200 801
p/14492078920215.jpg 1 0 0 1070 580
p/4054726828858.jpg 1 0 0 1280 720
p/17216178781568.jpg 1 0 0 5976 3924
p/26367169887526.png 1 0 0 2146 998
p/210591501214752.jpg 1 0 0 800 600
p/52782085424119.jpg 1 0 0 2400 1600
p/24778136251804.jpg 1 0 0 1200 630
p/6904666510420.jpg 1 0 0 5100 3400
p/2228627161774.jpg 1 0 0 620 464
p/19152662614121.jpg 1 0 0 1920 1080
p/269702799823383.jpg 1 0 0 1280 720
p/6943192531423.jpg 1 0 0 2560 1440
p/35772434314863.jpg 1 0 0 800 600
p/46121119711674.jpg 1 0 0 600 400
p/182202320829209.jpg 1 0 0 1199 674
p/19422134304273.jpg 1 0 0 2000 1333
p/4008249746646.jpg 1 0 0 1200 799
p/29771211450.jpg 1 0 0 1200 728
p/8958123836577.jpg 1 0 0 800 450
p/1958129198268.jpeg 1 0 0 4256 2832
p/6807214148273.jpg 1 0 0 2048 1365
p/5890330112811.jpg 1 0 0 640 480
p/19585326865642.jpg 1 0 0 2048 1365
p/209802962518219.jpg 1 0 0 1258 669
p/20351617422348.jpg 1 0 0 1920 1412
p/268891122421237.jpg 1 0 0 1200 675
p/811080020525.jpg 1 0 0 1000 563
p/157992278830063.jpg 1 0 0 1280 720
p/13499177911947.jpg 1 0 0 640 360
p/20016766818484.jpg 1 0 0 1600 600
p/130001326627473.jpg 1 0 0 1900 1265
p/2485881546196.jpg 1 0 0 1024 576
p/2787845039.jpg 1 0 0 2664 1997
p/39334386891.jpg 1 0 0 1200 675
p/27454104582700.jpg 1 0 0 1000 563
p/24420784514869.jpg 1 0 0 1500 1000
p/14800691913501.jpg 1 0 0 800 534
p/185881145123583.jpg 1 0 0 5000 2813
p/215552090728902.jpg 1 0 0 1190 754